2022-05-26 15:42:51,825 INFO o.a.j.u.JMeterUtils: Setting Locale to en_EN
2022-05-26 15:42:51,840 INFO o.a.j.JMeter: Loading user properties from: /Applications/apache-jmeter-5.4.3/bin/user.properties
2022-05-26 15:42:51,841 INFO o.a.j.JMeter: Loading system properties from: /Applications/apache-jmeter-5.4.3/bin/system.properties
2022-05-26 15:42:51,854 INFO o.a.j.JMeter: Copyright (c) 1998-2021 The Apache Software Foundation
2022-05-26 15:42:51,854 INFO o.a.j.JMeter: Version 5.4.3
2022-05-26 15:42:51,854 INFO o.a.j.JMeter: java.version=1.8.0_333
2022-05-26 15:42:51,854 INFO o.a.j.JMeter: java.vm.name=Java HotSpot(TM) 64-Bit Server VM
2022-05-26 15:42:51,855 INFO o.a.j.JMeter: os.name=Mac OS X
2022-05-26 15:42:51,855 INFO o.a.j.JMeter: os.arch=x86_64
2022-05-26 15:42:51,855 INFO o.a.j.JMeter: os.version=12.4
2022-05-26 15:42:51,855 INFO o.a.j.JMeter: file.encoding=UTF-8
2022-05-26 15:42:51,855 INFO o.a.j.JMeter: java.awt.headless=null
2022-05-26 15:42:51,855 INFO o.a.j.JMeter: Max memory     =1073741824
2022-05-26 15:42:51,855 INFO o.a.j.JMeter: Available Processors =10
2022-05-26 15:42:51,859 INFO o.a.j.JMeter: Default Locale=English (EN)
2022-05-26 15:42:51,860 INFO o.a.j.JMeter: JMeter  Locale=English (EN)
2022-05-26 15:42:51,860 INFO o.a.j.JMeter: JMeterHome=/Applications/apache-jmeter-5.4.3
2022-05-26 15:42:51,860 INFO o.a.j.JMeter: user.dir  =/Applications/apache-jmeter-5.4.3/lib/ext
2022-05-26 15:42:51,860 INFO o.a.j.JMeter: PWD       =/Applications/apache-jmeter-5.4.3/lib/ext
2022-05-26 15:42:51,944 INFO o.a.j.JMeter: IP: 192.168.1.19 Name: sxie-6QV47-MBP FullName: 192.168.1.19
2022-05-26 15:42:52,210 INFO o.a.j.JMeter: Setting LAF to: laf:javax.swing.plaf.metal.MetalLookAndFeel
2022-05-26 15:42:52,958 INFO o.a.j.JMeter: Loaded icon properties from org/apache/jmeter/images/icon.properties
2022-05-26 15:42:54,612 INFO o.j.r.JARSourceHTTP: Found cached repo
2022-05-26 15:42:55,094 INFO o.j.r.PluginManager: Plugins Status: [jpgc-plugins-manager=1.7, jmeter-core=5.4.3, jmeter-ftp=5.4.3, jmeter-http=5.4.3, jmeter-jdbc=5.4.3, jmeter-jms=5.4.3, jmeter-junit=5.4.3, jmeter-java=5.4.3, jmeter-ldap=5.4.3, jmeter-mail=5.4.3, jmeter-mongodb=5.4.3, jmeter-native=5.4.3, jmeter-tcp=5.4.3, jmeter-components=5.4.3]
